Determining if the include file ieeefp.h exists failed with the following output:
Change Dir: /home/dhruv/itpp-4.3.1/build2/CMakeFiles/CMakeTmp

Run Build Command(s):/usr/bin/gmake cmTC_665ba/fast && /usr/bin/gmake  -f CMakeFiles/cmTC_665ba.dir/build.make CMakeFiles/cmTC_665ba.dir/build
gmake[1]: Entering directory '/home/dhruv/itpp-4.3.1/build2/CMakeFiles/CMakeTmp'
Building C object CMakeFiles/cmTC_665ba.dir/CheckIncludeFile.c.o
/usr/bin/cc    -o CMakeFiles/cmTC_665ba.dir/CheckIncludeFile.c.o -c /home/dhruv/itpp-4.3.1/build2/CMakeFiles/CMakeTmp/CheckIncludeFile.c
/home/dhruv/itpp-4.3.1/build2/CMakeFiles/CMakeTmp/CheckIncludeFile.c:1:10: fatal error: ieeefp.h: No such file or directory
    1 | #include <ieeefp.h>
      |          ^~~~~~~~~~
compilation terminated.
gmake[1]: *** [CMakeFiles/cmTC_665ba.dir/build.make:85: CMakeFiles/cmTC_665ba.dir/CheckIncludeFile.c.o] Error 1
gmake[1]: Leaving directory '/home/dhruv/itpp-4.3.1/build2/CMakeFiles/CMakeTmp'
gmake: *** [Makefile:140: cmTC_665ba/fast] Error 2



Determining if the isfinite exist failed with the following output:
Change Dir: /home/dhruv/itpp-4.3.1/build2/CMakeFiles/CMakeTmp

Run Build Command(s):/usr/bin/gmake cmTC_2ea35/fast && /usr/bin/gmake  -f CMakeFiles/cmTC_2ea35.dir/build.make CMakeFiles/cmTC_2ea35.dir/build
gmake[1]: Entering directory '/home/dhruv/itpp-4.3.1/build2/CMakeFiles/CMakeTmp'
Building CXX object CMakeFiles/cmTC_2ea35.dir/CheckSymbolExists.cxx.o
/usr/bin/c++   -fopenmp   -o CMakeFiles/cmTC_2ea35.dir/CheckSymbolExists.cxx.o -c /home/dhruv/itpp-4.3.1/build2/CMakeFiles/CMakeTmp/CheckSymbolExists.cxx
/home/dhruv/itpp-4.3.1/build2/CMakeFiles/CMakeTmp/CheckSymbolExists.cxx: In function ‘int main(int, char**)’:
/home/dhruv/itpp-4.3.1/build2/CMakeFiles/CMakeTmp/CheckSymbolExists.cxx:8:19: error: ‘isfinite’ was not declared in this scope; did you mean ‘std::isfinite’?
    8 |   return ((int*)(&isfinite))[argc];
      |                   ^~~~~~~~
      |                   std::isfinite
In file included from /home/dhruv/itpp-4.3.1/build2/CMakeFiles/CMakeTmp/CheckSymbolExists.cxx:2:
/usr/include/c++/11/cmath:578:5: note: ‘std::isfinite’ declared here
  578 |     isfinite(_Tp __x)
      |     ^~~~~~~~
gmake[1]: *** [CMakeFiles/cmTC_2ea35.dir/build.make:85: CMakeFiles/cmTC_2ea35.dir/CheckSymbolExists.cxx.o] Error 1
gmake[1]: Leaving directory '/home/dhruv/itpp-4.3.1/build2/CMakeFiles/CMakeTmp'
gmake: *** [Makefile:140: cmTC_2ea35/fast] Error 2


File /home/dhruv/itpp-4.3.1/build2/CMakeFiles/CMakeTmp/CheckSymbolExists.cxx:
/* */
#include <cmath>

int main(int argc, char** argv)
{
  (void)argv;
#ifndef isfinite
  return ((int*)(&isfinite))[argc];
#else
  (void)argc;
  return 0;
#endif
}
Determining if the isinf exist failed with the following output:
Change Dir: /home/dhruv/itpp-4.3.1/build2/CMakeFiles/CMakeTmp

Run Build Command(s):/usr/bin/gmake cmTC_fd603/fast && /usr/bin/gmake  -f CMakeFiles/cmTC_fd603.dir/build.make CMakeFiles/cmTC_fd603.dir/build
gmake[1]: Entering directory '/home/dhruv/itpp-4.3.1/build2/CMakeFiles/CMakeTmp'
Building CXX object CMakeFiles/cmTC_fd603.dir/CheckSymbolExists.cxx.o
/usr/bin/c++   -fopenmp   -o CMakeFiles/cmTC_fd603.dir/CheckSymbolExists.cxx.o -c /home/dhruv/itpp-4.3.1/build2/CMakeFiles/CMakeTmp/CheckSymbolExists.cxx
/home/dhruv/itpp-4.3.1/build2/CMakeFiles/CMakeTmp/CheckSymbolExists.cxx: In function ‘int main(int, char**)’:
/home/dhruv/itpp-4.3.1/build2/CMakeFiles/CMakeTmp/CheckSymbolExists.cxx:8:19: error: ‘isinf’ was not declared in this scope; did you mean ‘std::isinf’?
    8 |   return ((int*)(&isinf))[argc];
      |                   ^~~~~
      |                   std::isinf
In file included from /home/dhruv/itpp-4.3.1/build2/CMakeFiles/CMakeTmp/CheckSymbolExists.cxx:2:
/usr/include/c++/11/cmath:605:5: note: ‘std::isinf’ declared here
  605 |     isinf(_Tp __x)
      |     ^~~~~
gmake[1]: *** [CMakeFiles/cmTC_fd603.dir/build.make:85: CMakeFiles/cmTC_fd603.dir/CheckSymbolExists.cxx.o] Error 1
gmake[1]: Leaving directory '/home/dhruv/itpp-4.3.1/build2/CMakeFiles/CMakeTmp'
gmake: *** [Makefile:140: cmTC_fd603/fast] Error 2


File /home/dhruv/itpp-4.3.1/build2/CMakeFiles/CMakeTmp/CheckSymbolExists.cxx:
/* */
#include <cmath>

int main(int argc, char** argv)
{
  (void)argv;
#ifndef isinf
  return ((int*)(&isinf))[argc];
#else
  (void)argc;
  return 0;
#endif
}
Determining if the isnan exist failed with the following output:
Change Dir: /home/dhruv/itpp-4.3.1/build2/CMakeFiles/CMakeTmp

Run Build Command(s):/usr/bin/gmake cmTC_6a641/fast && /usr/bin/gmake  -f CMakeFiles/cmTC_6a641.dir/build.make CMakeFiles/cmTC_6a641.dir/build
gmake[1]: Entering directory '/home/dhruv/itpp-4.3.1/build2/CMakeFiles/CMakeTmp'
Building CXX object CMakeFiles/cmTC_6a641.dir/CheckSymbolExists.cxx.o
/usr/bin/c++   -fopenmp   -o CMakeFiles/cmTC_6a641.dir/CheckSymbolExists.cxx.o -c /home/dhruv/itpp-4.3.1/build2/CMakeFiles/CMakeTmp/CheckSymbolExists.cxx
/home/dhruv/itpp-4.3.1/build2/CMakeFiles/CMakeTmp/CheckSymbolExists.cxx: In function ‘int main(int, char**)’:
/home/dhruv/itpp-4.3.1/build2/CMakeFiles/CMakeTmp/CheckSymbolExists.cxx:8:19: error: ‘isnan’ was not declared in this scope; did you mean ‘std::isnan’?
    8 |   return ((int*)(&isnan))[argc];
      |                   ^~~~~
      |                   std::isnan
In file included from /home/dhruv/itpp-4.3.1/build2/CMakeFiles/CMakeTmp/CheckSymbolExists.cxx:2:
/usr/include/c++/11/cmath:632:5: note: ‘std::isnan’ declared here
  632 |     isnan(_Tp __x)
      |     ^~~~~
gmake[1]: *** [CMakeFiles/cmTC_6a641.dir/build.make:85: CMakeFiles/cmTC_6a641.dir/CheckSymbolExists.cxx.o] Error 1
gmake[1]: Leaving directory '/home/dhruv/itpp-4.3.1/build2/CMakeFiles/CMakeTmp'
gmake: *** [Makefile:140: cmTC_6a641/fast] Error 2


File /home/dhruv/itpp-4.3.1/build2/CMakeFiles/CMakeTmp/CheckSymbolExists.cxx:
/* */
#include <cmath>

int main(int argc, char** argv)
{
  (void)argv;
#ifndef isnan
  return ((int*)(&isnan))[argc];
#else
  (void)argc;
  return 0;
#endif
}
Determining if the function isfinite exists failed with the following output:
Change Dir: /home/dhruv/itpp-4.3.1/build2/CMakeFiles/CMakeTmp

Run Build Command(s):/usr/bin/gmake cmTC_f84a9/fast && /usr/bin/gmake  -f CMakeFiles/cmTC_f84a9.dir/build.make CMakeFiles/cmTC_f84a9.dir/build
gmake[1]: Entering directory '/home/dhruv/itpp-4.3.1/build2/CMakeFiles/CMakeTmp'
Building C object CMakeFiles/cmTC_f84a9.dir/CheckFunctionExists.c.o
/usr/bin/cc   -DCHECK_FUNCTION_EXISTS=isfinite -o CMakeFiles/cmTC_f84a9.dir/CheckFunctionExists.c.o -c /usr/share/cmake-3.18/Modules/CheckFunctionExists.c
Linking C executable cmTC_f84a9
/usr/bin/cmake -E cmake_link_script CMakeFiles/cmTC_f84a9.dir/link.txt --verbose=1
/usr/bin/cc  -DCHECK_FUNCTION_EXISTS=isfinite -rdynamic CMakeFiles/cmTC_f84a9.dir/CheckFunctionExists.c.o -o cmTC_f84a9  -lm 
/usr/bin/ld: CMakeFiles/cmTC_f84a9.dir/CheckFunctionExists.c.o: in function `main':
CheckFunctionExists.c:(.text+0x14): undefined reference to `isfinite'
collect2: error: ld returned 1 exit status
gmake[1]: *** [CMakeFiles/cmTC_f84a9.dir/build.make:106: cmTC_f84a9] Error 1
gmake[1]: Leaving directory '/home/dhruv/itpp-4.3.1/build2/CMakeFiles/CMakeTmp'
gmake: *** [Makefile:140: cmTC_f84a9/fast] Error 2



